<?xml version="1.0" encoding="UTF-8"?>
<testng-results skipped="0" failed="0" total="2" passed="2">
  <reporter-output>
  </reporter-output>
  <suite name="Default suite" duration-ms="50578" started-at="2015-06-30T18:56:23Z" finished-at="2015-06-30T18:57:14Z">
    <groups>
    </groups>
    <test name="Default test" duration-ms="50578" started-at="2015-06-30T18:56:23Z" finished-at="2015-06-30T18:57:14Z">
      <class name="auto.ria.com.test.TestForAutoRia">
        <test-method status="PASS" signature="SetUp()[pri:0, instance:auto.ria.com.test.TestForAutoRia@1c36524]" name="SetUp" is-config="true" duration-ms="30964" started-at="2015-06-30T21:56:23Z" finished-at="2015-06-30T21:56:54Z">
          <reporter-output>
          </reporter-output>
        </test-method> <!-- SetUp -->
        <test-method status="PASS" signature="TestStep1()[pri:0, instance:auto.ria.com.test.TestForAutoRia@1c36524]" name="TestStep1" duration-ms="9472" started-at="2015-06-30T21:56:54Z" finished-at="2015-06-30T21:57:04Z">
          <reporter-output>
          </reporter-output>
        </test-method> <!-- TestStep1 -->
        <test-method status="PASS" signature="TestStep2()[pri:0, instance:auto.ria.com.test.TestForAutoRia@1c36524]" name="TestStep2" duration-ms="7645" started-at="2015-06-30T21:57:04Z" finished-at="2015-06-30T21:57:11Z">
          <reporter-output>
          </reporter-output>
        </test-method> <!-- TestStep2 -->
        <test-method status="PASS" signature="TearDown()[pri:0, instance:auto.ria.com.test.TestForAutoRia@1c36524]" name="TearDown" is-config="true" duration-ms="2414" started-at="2015-06-30T21:57:11Z" finished-at="2015-06-30T21:57:14Z">
          <reporter-output>
          </reporter-output>
        </test-method> <!-- TearDown -->
      </class> <!-- auto.ria.com.test.TestForAutoRia -->
    </test> <!-- Default test -->
  </suite> <!-- Default suite -->
</testng-results>
