<?xml version="1.0" encoding="UTF-8"?>
<testng-results skipped="0" failed="0" total="2" passed="2">
  <reporter-output>
  </reporter-output>
  <suite name="Default suite" duration-ms="38395" started-at="2015-07-01T12:54:39Z" finished-at="2015-07-01T12:55:18Z">
    <groups>
    </groups>
    <test name="Default test" duration-ms="38395" started-at="2015-07-01T12:54:39Z" finished-at="2015-07-01T12:55:18Z">
      <class name="auto.ria.com.test.TestForAutoRia">
        <test-method status="PASS" signature="SetUp()[pri:0, instance:auto.ria.com.test.TestForAutoRia@10ee7cb]" name="SetUp" is-config="true" duration-ms="14622" started-at="2015-07-01T15:54:39Z" finished-at="2015-07-01T15:54:54Z">
          <reporter-output>
          </reporter-output>
        </test-method> <!-- SetUp -->
        <test-method status="PASS" signature="TestStep1()[pri:0, instance:auto.ria.com.test.TestForAutoRia@10ee7cb]" name="TestStep1" duration-ms="11793" started-at="2015-07-01T15:54:54Z" finished-at="2015-07-01T15:55:06Z">
          <reporter-output>
          </reporter-output>
        </test-method> <!-- TestStep1 -->
        <test-method status="PASS" signature="TestStep2()[pri:0, instance:auto.ria.com.test.TestForAutoRia@10ee7cb]" name="TestStep2" duration-ms="9128" started-at="2015-07-01T15:55:06Z" finished-at="2015-07-01T15:55:15Z">
          <reporter-output>
          </reporter-output>
        </test-method> <!-- TestStep2 -->
        <test-method status="PASS" signature="TearDown()[pri:0, instance:auto.ria.com.test.TestForAutoRia@10ee7cb]" name="TearDown" is-config="true" duration-ms="2828" started-at="2015-07-01T15:55:15Z" finished-at="2015-07-01T15:55:18Z">
          <reporter-output>
          </reporter-output>
        </test-method> <!-- TearDown -->
      </class> <!-- auto.ria.com.test.TestForAutoRia -->
    </test> <!-- Default test -->
  </suite> <!-- Default suite -->
</testng-results>
