<?xml version="1.0" encoding="UTF-8"?>
<testng-results skipped="0" failed="1" total="2" passed="1">
  <reporter-output>
  </reporter-output>
  <suite name="Функциональные тесты" duration-ms="80543" started-at="2015-07-25T08:03:39Z" finished-at="2015-07-25T08:05:00Z">
    <groups>
    </groups>
    <test name="Расширенный поиска: доп. характеристики" duration-ms="60095" started-at="2015-07-25T08:03:39Z" finished-at="2015-07-25T08:04:40Z">
      <class name="ria.com.tests.AdvancedSearchTest">
        <test-method status="PASS" signature="initialize()[pri:0, instance:ria.com.tests.AdvancedSearchTest@b606cb6]" name="initialize" is-config="true" duration-ms="50" started-at="2015-07-25T11:03:40Z" finished-at="2015-07-25T11:03:40Z">
          <reporter-output>
          </reporter-output>
        </test-method> <!-- initialize -->
        <test-method status="PASS" signature="setUp(java.lang.String, java.lang.String, org.testng.ITestContext)[pri:0, instance:ria.com.tests.AdvancedSearchTest@b606cb6]" name="setUp" is-config="true" duration-ms="10235" started-at="2015-07-25T11:03:40Z" finished-at="2015-07-25T11:03:50Z">
          <params>
            <param index="0">
              <value>
                <![CDATA[firefox]]>
              </value>
            </param>
            <param index="1">
              <value>
                <![CDATA[LINUX]]>
              </value>
            </param>
            <param index="2">
              <value>
                <![CDATA[org.testng.TestRunner@1607278e]]>
              </value>
            </param>
          </params>
          <reporter-output>
          </reporter-output>
        </test-method> <!-- setUp -->
        <test-method status="PASS" signature="startName()[pri:0, instance:ria.com.tests.AdvancedSearchTest@b606cb6]" name="startName" is-config="true" duration-ms="3826" started-at="2015-07-25T11:03:50Z" depends-on-methods="ria.com.base.TestBase.initialize, ria.com.base.TestBase.setUp" finished-at="2015-07-25T11:03:54Z">
          <reporter-output>
          </reporter-output>
        </test-method> <!-- startName -->
        <test-method status="PASS" signature="geturl()[pri:0, instance:ria.com.tests.AdvancedSearchTest@b606cb6]" name="geturl" is-config="true" duration-ms="0" started-at="2015-07-25T11:03:54Z" finished-at="2015-07-25T11:03:54Z">
          <reporter-output>
          </reporter-output>
        </test-method> <!-- geturl -->
        <test-method status="PASS" signature="setUp(java.lang.String, java.lang.String, org.testng.ITestContext)[pri:0, instance:ria.com.tests.AdvancedSearchTest@b606cb6]" name="setUp" is-config="true" duration-ms="267" started-at="2015-07-25T11:03:54Z" finished-at="2015-07-25T11:03:54Z">
          <params>
            <param index="0">
              <value>
                <![CDATA[firefox]]>
              </value>
            </param>
            <param index="1">
              <value>
                <![CDATA[LINUX]]>
              </value>
            </param>
            <param index="2">
              <value>
                <![CDATA[org.testng.TestRunner@1607278e]]>
              </value>
            </param>
          </params>
          <reporter-output>
          </reporter-output>
        </test-method> <!-- setUp -->
        <test-method status="PASS" signature="getPage()[pri:0, instance:ria.com.tests.AdvancedSearchTest@b606cb6]" name="getPage" is-config="true" duration-ms="231" started-at="2015-07-25T11:03:54Z" finished-at="2015-07-25T11:03:54Z">
          <reporter-output>
          </reporter-output>
        </test-method> <!-- getPage -->
        <test-method status="FAIL" signature="test1()[pri:0, instance:ria.com.tests.AdvancedSearchTest@b606cb6]" name="test1" duration-ms="41364" started-at="2015-07-25T11:03:54Z" finished-at="2015-07-25T11:04:36Z">
          <exception class="org.openqa.selenium.NoSuchElementException">
            <message>
              <![CDATA[Unable to locate element: {"method":"xpath","selector":"//div[@class = 'ticket-item paid'][2]//div[@class = 'item ticket-title']/a[@class = 'address']"}
For documentation on this error, please visit: http://seleniumhq.org/exceptions/no_such_element.html
Build info: version: '2.46.0', revision: '87c69e2', time: '2015-06-04 16:16:47'
System info: host: 'oleg-PC', ip: '127.0.1.1', os.name: 'Linux', os.arch: 'amd64', os.version: '3.13.0-58-generic', java.version: '1.8.0_45'
Driver info: driver.version: unknown
Command duration or timeout: 10.79 seconds
For documentation on this error, please visit: http://seleniumhq.org/exceptions/no_such_element.html
Build info: version: '2.46.0', revision: '61506a4624b13675f24581e453592342b7485d71', time: '2015-06-04 10:22:50'
System info: host: 'oleg-PC', ip: '127.0.1.1', os.name: 'Linux', os.arch: 'amd64', os.version: '3.13.0-58-generic', java.version: '1.8.0_45'
Driver info: org.openqa.selenium.remote.RemoteWebDriver
Capabilities [{applicationCacheEnabled=true, rotatable=false, handlesAlerts=true, databaseEnabled=true, version=39.0, platform=LINUX, nativeEvents=false, acceptSslCerts=true, webdriver.remote.sessionid=ed66fca3-9437-4291-a75e-013b9a52ab80, webStorageEnabled=true, locationContextEnabled=true, browserName=firefox, takesScreenshot=true, javascriptEnabled=true, cssSelectorsEnabled=true}]
Session ID: ed66fca3-9437-4291-a75e-013b9a52ab80
*** Element info: {Using=xpath, value=//div[@class = 'ticket-item paid'][2]//div[@class = 'item ticket-title']/a[@class = 'address']}]]>
            </message>
            <full-stacktrace>
              <![CDATA[org.openqa.selenium.NoSuchElementException: Unable to locate element: {"method":"xpath","selector":"//div[@class = 'ticket-item paid'][2]//div[@class = 'item ticket-title']/a[@class = 'address']"}
For documentation on this error, please visit: http://seleniumhq.org/exceptions/no_such_element.html
Build info: version: '2.46.0', revision: '87c69e2', time: '2015-06-04 16:16:47'
System info: host: 'oleg-PC', ip: '127.0.1.1', os.name: 'Linux', os.arch: 'amd64', os.version: '3.13.0-58-generic', java.version: '1.8.0_45'
Driver info: driver.version: unknown
Command duration or timeout: 10.79 seconds
For documentation on this error, please visit: http://seleniumhq.org/exceptions/no_such_element.html
Build info: version: '2.46.0', revision: '61506a4624b13675f24581e453592342b7485d71', time: '2015-06-04 10:22:50'
System info: host: 'oleg-PC', ip: '127.0.1.1', os.name: 'Linux', os.arch: 'amd64', os.version: '3.13.0-58-generic', java.version: '1.8.0_45'
Driver info: org.openqa.selenium.remote.RemoteWebDriver
Capabilities [{applicationCacheEnabled=true, rotatable=false, handlesAlerts=true, databaseEnabled=true, version=39.0, platform=LINUX, nativeEvents=false, acceptSslCerts=true, webdriver.remote.sessionid=ed66fca3-9437-4291-a75e-013b9a52ab80, webStorageEnabled=true, locationContextEnabled=true, browserName=firefox, takesScreenshot=true, javascriptEnabled=true, cssSelectorsEnabled=true}]
Session ID: ed66fca3-9437-4291-a75e-013b9a52ab80
*** Element info: {Using=xpath, value=//div[@class = 'ticket-item paid'][2]//div[@class = 'item ticket-title']/a[@class = 'address']}
	at sun.reflect.NativeConstructorAccessorImpl.newInstance0(Native Method)
	at sun.reflect.NativeConstructorAccessorImpl.newInstance(NativeConstructorAccessorImpl.java:62)
	at sun.reflect.DelegatingConstructorAccessorImpl.newInstance(DelegatingConstructorAccessorImpl.java:45)
	at java.lang.reflect.Constructor.newInstance(Constructor.java:422)
	at org.openqa.selenium.remote.ErrorHandler.createThrowable(ErrorHandler.java:204)
	at org.openqa.selenium.remote.ErrorHandler.throwIfResponseFailed(ErrorHandler.java:156)
	at org.openqa.selenium.remote.RemoteWebDriver.execute(RemoteWebDriver.java:605)
	at org.openqa.selenium.remote.RemoteWebDriver.findElement(RemoteWebDriver.java:358)
	at org.openqa.selenium.remote.RemoteWebDriver.findElementByXPath(RemoteWebDriver.java:455)
	at org.openqa.selenium.By$ByXPath.findElement(By.java:358)
	at org.openqa.selenium.remote.RemoteWebDriver.findElement(RemoteWebDriver.java:350)
	at org.openqa.selenium.support.pagefactory.DefaultElementLocator.findElement(DefaultElementLocator.java:69)
	at org.openqa.selenium.support.pagefactory.internal.LocatingElementHandler.invoke(LocatingElementHandler.java:38)
	at com.sun.proxy.$Proxy12.click(Unknown Source)
	at ria.com.page.SearchResultPage.addwertSeccondClick(SearchResultPage.java:336)
	at ria.com.tests.AdvancedSearchTest.test1(AdvancedSearchTest.java:104)
	at sun.reflect.NativeMethodAccessorImpl.invoke0(Native Method)
	at sun.reflect.NativeMethodAccessorImpl.invoke(NativeMethodAccessorImpl.java:62)
	at sun.reflect.DelegatingMethodAccessorImpl.invoke(DelegatingMethodAccessorImpl.java:43)
	at java.lang.reflect.Method.invoke(Method.java:497)
	at org.testng.internal.MethodInvocationHelper.invokeMethod(MethodInvocationHelper.java:80)
	at org.testng.internal.Invoker.invokeMethod(Invoker.java:714)
	at org.testng.internal.Invoker.invokeTestMethod(Invoker.java:901)
	at org.testng.internal.Invoker.invokeTestMethods(Invoker.java:1231)
	at org.testng.internal.TestMethodWorker.invokeTestMethods(TestMethodWorker.java:127)
	at org.testng.internal.TestMethodWorker.run(TestMethodWorker.java:111)
	at org.testng.TestRunner.privateRun(TestRunner.java:767)
	at org.testng.TestRunner.run(TestRunner.java:617)
	at org.testng.SuiteRunner.runTest(SuiteRunner.java:334)
	at org.testng.SuiteRunner.runSequentially(SuiteRunner.java:329)
	at org.testng.SuiteRunner.privateRun(SuiteRunner.java:291)
	at org.testng.SuiteRunner.run(SuiteRunner.java:240)
	at org.testng.SuiteRunnerWorker.runSuite(SuiteRunnerWorker.java:52)
	at org.testng.SuiteRunnerWorker.run(SuiteRunnerWorker.java:86)
	at org.testng.TestNG.runSuitesSequentially(TestNG.java:1198)
	at org.testng.TestNG.runSuitesLocally(TestNG.java:1123)
	at org.testng.TestNG.run(TestNG.java:1031)
	at org.apache.maven.surefire.testng.TestNGExecutor.run(TestNGExecutor.java:217)
	at org.apache.maven.surefire.testng.TestNGXmlTestSuite.execute(TestNGXmlTestSuite.java:84)
	at org.apache.maven.surefire.testng.TestNGProvider.invoke(TestNGProvider.java:92)
	at org.apache.maven.surefire.booter.ForkedBooter.invokeProviderInSameClassLoader(ForkedBooter.java:200)
	at org.apache.maven.surefire.booter.ForkedBooter.runSuitesInProcess(ForkedBooter.java:153)
	at org.apache.maven.surefire.booter.ForkedBooter.main(ForkedBooter.java:103)
Caused by: org.openqa.selenium.remote.ScreenshotException: Screen shot has been taken
Build info: version: '2.46.0', revision: '61506a4624b13675f24581e453592342b7485d71', time: '2015-06-04 10:22:50'
System info: host: 'oleg-PC', ip: '127.0.1.1', os.name: 'Linux', os.arch: 'amd64', os.version: '3.13.0-58-generic', java.version: '1.8.0_45'
Driver info: driver.version: RemoteWebDriver
	at org.openqa.selenium.remote.ErrorHandler.throwIfResponseFailed(ErrorHandler.java:136)
	... 37 more
Caused by: org.openqa.selenium.NoSuchElementException: Unable to locate element: {"method":"xpath","selector":"//div[@class = 'ticket-item paid'][2]//div[@class = 'item ticket-title']/a[@class = 'address']"}
For documentation on this error, please visit: http://seleniumhq.org/exceptions/no_such_element.html
Build info: version: '2.46.0', revision: '87c69e2', time: '2015-06-04 16:16:47'
System info: host: 'oleg-PC', ip: '127.0.1.1', os.name: 'Linux', os.arch: 'amd64', os.version: '3.13.0-58-generic', java.version: '1.8.0_45'
Driver info: driver.version: unknown
For documentation on this error, please visit: http://seleniumhq.org/exceptions/no_such_element.html
Build info: version: '2.46.0', revision: '61506a4624b13675f24581e453592342b7485d71', time: '2015-06-04 10:22:50'
System info: host: 'oleg-PC', ip: '127.0.1.1', os.name: 'Linux', os.arch: 'amd64', os.version: '3.13.0-58-generic', java.version: '1.8.0_45'
Driver info: driver.version: unknown
	at <anonymous class>.FirefoxDriver.prototype.findElementInternal_(file:///tmp/anonymous3449123124253978352webdriver-profile/extensions/fxdriver@googlecode.com/components/driver-component.js:10299)
	at <anonymous class>.fxdriver.Timer.prototype.setTimeout/<.notify(file:///tmp/anonymous3449123124253978352webdriver-profile/extensions/fxdriver@googlecode.com/components/driver-component.js:603)
]]>
            </full-stacktrace>
          </exception> <!-- org.openqa.selenium.NoSuchElementException -->
          <reporter-output>
          </reporter-output>
        </test-method> <!-- test1 -->
        <test-method status="PASS" signature="stopName()[pri:0, instance:ria.com.tests.AdvancedSearchTest@b606cb6]" name="stopName" is-config="true" duration-ms="1" started-at="2015-07-25T11:04:40Z" finished-at="2015-07-25T11:04:40Z">
          <reporter-output>
          </reporter-output>
        </test-method> <!-- stopName -->
      </class> <!-- ria.com.tests.AdvancedSearchTest -->
    </test> <!-- Расширенный поиска: доп. характеристики -->
    <test name="Galen" duration-ms="19590" started-at="2015-07-25T08:04:40Z" finished-at="2015-07-25T08:05:00Z">
      <class name="ria.com.tests.GalenMainTest">
        <test-method status="PASS" signature="initialize()[pri:0, instance:ria.com.tests.GalenMainTest@69fe0ed4]" name="initialize" is-config="true" duration-ms="5" started-at="2015-07-25T11:04:40Z" finished-at="2015-07-25T11:04:40Z">
          <reporter-output>
          </reporter-output>
        </test-method> <!-- initialize -->
        <test-method status="PASS" signature="setUp(java.lang.String, java.lang.String, org.testng.ITestContext)[pri:0, instance:ria.com.tests.GalenMainTest@69fe0ed4]" name="setUp" is-config="true" duration-ms="51" started-at="2015-07-25T11:04:40Z" finished-at="2015-07-25T11:04:40Z">
          <params>
            <param index="0">
              <value>
                <![CDATA[firefox]]>
              </value>
            </param>
            <param index="1">
              <value>
                <![CDATA[LINUX]]>
              </value>
            </param>
            <param index="2">
              <value>
                <![CDATA[org.testng.TestRunner@8aedeb4]]>
              </value>
            </param>
          </params>
          <reporter-output>
          </reporter-output>
        </test-method> <!-- setUp -->
        <test-method status="PASS" signature="startName()[pri:0, instance:ria.com.tests.GalenMainTest@69fe0ed4]" name="startName" is-config="true" duration-ms="1549" started-at="2015-07-25T11:04:41Z" depends-on-methods="ria.com.base.TestBase.initialize, ria.com.base.TestBase.setUp" finished-at="2015-07-25T11:04:42Z">
          <reporter-output>
          </reporter-output>
        </test-method> <!-- startName -->
        <test-method status="PASS" signature="geturl()[pri:0, instance:ria.com.tests.GalenMainTest@69fe0ed4]" name="geturl" is-config="true" duration-ms="1" started-at="2015-07-25T11:04:42Z" finished-at="2015-07-25T11:04:42Z">
          <reporter-output>
          </reporter-output>
        </test-method> <!-- geturl -->
        <test-method status="PASS" signature="setUp(java.lang.String, java.lang.String, org.testng.ITestContext)[pri:0, instance:ria.com.tests.GalenMainTest@69fe0ed4]" name="setUp" is-config="true" duration-ms="2728" started-at="2015-07-25T11:04:42Z" finished-at="2015-07-25T11:04:45Z">
          <params>
            <param index="0">
              <value>
                <![CDATA[firefox]]>
              </value>
            </param>
            <param index="1">
              <value>
                <![CDATA[LINUX]]>
              </value>
            </param>
            <param index="2">
              <value>
                <![CDATA[org.testng.TestRunner@8aedeb4]]>
              </value>
            </param>
          </params>
          <reporter-output>
          </reporter-output>
        </test-method> <!-- setUp -->
        <test-method status="PASS" signature="getPage()[pri:0, instance:ria.com.tests.GalenMainTest@69fe0ed4]" name="getPage" is-config="true" duration-ms="4" started-at="2015-07-25T11:04:45Z" finished-at="2015-07-25T11:04:45Z">
          <reporter-output>
          </reporter-output>
        </test-method> <!-- getPage -->
        <test-method status="PASS" signature="MaintPageGalenTest()[pri:0, instance:ria.com.tests.GalenMainTest@69fe0ed4]" name="MaintPageGalenTest" duration-ms="15241" started-at="2015-07-25T11:04:45Z" finished-at="2015-07-25T11:05:00Z">
          <reporter-output>
          </reporter-output>
        </test-method> <!-- MaintPageGalenTest -->
        <test-method status="PASS" signature="stopName()[pri:0, instance:ria.com.tests.GalenMainTest@69fe0ed4]" name="stopName" is-config="true" duration-ms="3" started-at="2015-07-25T11:05:00Z" finished-at="2015-07-25T11:05:00Z">
          <reporter-output>
          </reporter-output>
        </test-method> <!-- stopName -->
        <test-method status="PASS" signature="BrowserQuit()[pri:0, instance:ria.com.tests.GalenMainTest@69fe0ed4]" name="BrowserQuit" is-config="true" duration-ms="3773" started-at="2015-07-25T11:05:00Z" finished-at="2015-07-25T11:05:04Z">
          <reporter-output>
          </reporter-output>
        </test-method> <!-- BrowserQuit -->
      </class> <!-- ria.com.tests.GalenMainTest -->
    </test> <!-- Galen -->
  </suite> <!-- Функциональные тесты -->
</testng-results>
